<?xml version="1.0" encoding="UTF-8"?>
<!-- Generated by org.testng.reporters.JUnitReportReporter -->
<testsuite ignored="0" hostname="DESKTOP-BOE4SLQ" failures="0" tests="1" name="TestNG.Test1" time="0.021" errors="0" timestamp="08 Nov 2020 16:52:07 GMT" skipped="0">
  <testcase classname="TestNG.Test1" name="f" time="0.021"/>
</testsuite> <!-- TestNG.Test1 -->
